  main.c
E:\Smart-Knob\usb_service\usb_service\main.c(282,75): warning C4244: '=': conversion from 'time_t' to 'uint32_t', possible loss of data
E:\Smart-Knob\usb_service\usb_service\main.c(374,53): warning C4244: 'function': conversion from 'ssize_t' to 'int', possible loss of data
E:\Smart-Knob\usb_service\usb_service\main.c(380,63): warning C4244: 'function': conversion from 'ssize_t' to 'int', possible loss of data
E:\Smart-Knob\usb_service\usb_service\main.c(386,49): warning C4244: 'function': conversion from 'ssize_t' to 'int', possible loss of data
E:\Smart-Knob\usb_service\usb_service\main.c(404,43): warning C4244: 'function': conversion from 'ssize_t' to 'int', possible loss of data
E:\Smart-Knob\usb_service\usb_service\main.c(412,50): warning C4244: 'function': conversion from 'ssize_t' to 'int', possible loss of data
E:\Smart-Knob\usb_service\usb_service\main.c(413,50): warning C4244: 'function': conversion from 'ssize_t' to 'int', possible loss of data
E:\Smart-Knob\usb_service\usb_service\main.c(414,50): warning C4244: 'function': conversion from 'ssize_t' to 'int', possible loss of data
E:\Smart-Knob\usb_service\usb_service\main.c(431,29): warning C4244: '=': conversion from 'clock_t' to 'unsigned char', possible loss of data
  libusb-1.0.lib(core.obj) : MSIL .netmodule or module compiled with /GL found; restarting link with /LTCG; add /LTCG to the link command line to improve linker performance
LINK : warning LNK4075: ignoring '/INCREMENTAL' due to '/LTCG' specification
LINK : warning LNK4098: defaultlib 'LIBCMT' conflicts with use of other libs; use /NODEFAULTLIB:library
  Generating code
  Finished generating code
libusb-1.0.lib(core.obj) : warning LNK4099: PDB 'libusb-1.0.pdb' was not found with 'libusb-1.0.lib(core.obj)' or at 'E:\Smart-Knob\usb_service\x64\Debug\libusb-1.0.pdb'; linking object as if no debug info
libusb-1.0.lib(strerror.obj) : warning LNK4099: PDB 'libusb-1.0.pdb' was not found with 'libusb-1.0.lib(strerror.obj)' or at 'E:\Smart-Knob\usb_service\x64\Debug\libusb-1.0.pdb'; linking object as if no debug info
libusb-1.0.lib(descriptor.obj) : warning LNK4099: PDB 'libusb-1.0.pdb' was not found with 'libusb-1.0.lib(descriptor.obj)' or at 'E:\Smart-Knob\usb_service\x64\Debug\libusb-1.0.pdb'; linking object as if no debug info
libusb-1.0.lib(io.obj) : warning LNK4099: PDB 'libusb-1.0.pdb' was not found with 'libusb-1.0.lib(io.obj)' or at 'E:\Smart-Knob\usb_service\x64\Debug\libusb-1.0.pdb'; linking object as if no debug info
libusb-1.0.lib(events_windows.obj) : warning LNK4099: PDB 'libusb-1.0.pdb' was not found with 'libusb-1.0.lib(events_windows.obj)' or at 'E:\Smart-Knob\usb_service\x64\Debug\libusb-1.0.pdb'; linking object as if no debug info
libusb-1.0.lib(windows_common.obj) : warning LNK4099: PDB 'libusb-1.0.pdb' was not found with 'libusb-1.0.lib(windows_common.obj)' or at 'E:\Smart-Knob\usb_service\x64\Debug\libusb-1.0.pdb'; linking object as if no debug info
libusb-1.0.lib(hotplug.obj) : warning LNK4099: PDB 'libusb-1.0.pdb' was not found with 'libusb-1.0.lib(hotplug.obj)' or at 'E:\Smart-Knob\usb_service\x64\Debug\libusb-1.0.pdb'; linking object as if no debug info
libusb-1.0.lib(sync.obj) : warning LNK4099: PDB 'libusb-1.0.pdb' was not found with 'libusb-1.0.lib(sync.obj)' or at 'E:\Smart-Knob\usb_service\x64\Debug\libusb-1.0.pdb'; linking object as if no debug info
libusb-1.0.lib(threads_windows.obj) : warning LNK4099: PDB 'libusb-1.0.pdb' was not found with 'libusb-1.0.lib(threads_windows.obj)' or at 'E:\Smart-Knob\usb_service\x64\Debug\libusb-1.0.pdb'; linking object as if no debug info
libusb-1.0.lib(windows_winusb.obj) : warning LNK4099: PDB '' was not found with 'libusb-1.0.lib(windows_winusb.obj)' or at ''; linking object as if no debug info
libusb-1.0.lib(windows_usbdk.obj) : warning LNK4099: PDB 'libusb-1.0.pdb' was not found with 'libusb-1.0.lib(windows_usbdk.obj)' or at 'E:\Smart-Knob\usb_service\x64\Debug\libusb-1.0.pdb'; linking object as if no debug info
  usb_service.vcxproj -> E:\Smart-Knob\usb_service\x64\Debug\usb_service.exe
